-- Found ament_cmake: 1.1.6 (/opt/ros/galactic/share/ament_cmake/cmake)
-- Found PythonInterp: /usr/bin/python3 (found suitable version "3.8.10", minimum required is "3") 
-- Using PYTHON_EXECUTABLE: /usr/bin/python3
-- Found ament_lint_auto: 0.10.7 (/opt/ros/galactic/share/ament_lint_auto/cmake)
-- Found rosidl_default_generators: 1.1.1 (/opt/ros/galactic/share/rosidl_default_generators/cmake)
-- Using all available rosidl_typesupport_c: rosidl_typesupport_fastrtps_c;rosidl_typesupport_introspection_c
-- Found rosidl_adapter: 2.2.3 (/opt/ros/galactic/share/rosidl_adapter/cmake)
-- Using all available rosidl_typesupport_cpp: rosidl_typesupport_fastrtps_cpp;rosidl_typesupport_introspection_cpp
-- Found PythonInterp: /usr/bin/python3 (found version "3.8.10") 
-- Found ament_cmake_ros: 0.9.2 (/opt/ros/galactic/share/ament_cmake_ros/cmake)
-- Using all available rosidl_typesupport_c: rosidl_typesupport_fastrtps_c;rosidl_typesupport_introspection_c
-- Using all available rosidl_typesupport_cpp: rosidl_typesupport_fastrtps_cpp;rosidl_typesupport_introspection_cpp
-- Found PythonInterp: /usr/bin/python3 (found suitable version "3.8.10", minimum required is "3.5") 
-- Found python_cmake_module: 0.8.1 (/opt/ros/galactic/share/python_cmake_module/cmake)
-- Found PythonLibs: /usr/lib/x86_64-linux-gnu/libpython3.8.so (found suitable version "3.8.10", minimum required is "3.5") 
-- Using PYTHON_EXECUTABLE: /usr/bin/python3
-- Using PYTHON_INCLUDE_DIRS: /usr/include/python3.8
-- Using PYTHON_LIBRARIES: /usr/lib/x86_64-linux-gnu/libpython3.8.so
-- Found PythonExtra: .so  
-- Added test 'copyright' to check source files copyright and LICENSE
-- Added test 'cppcheck' to perform static code analysis on C / C++ code
-- Configured cppcheck include dirs: $<BUILD_INTERFACE:/home/chris/turtlebot4_ws/src/action_interfaces/build/action_interfaces/rosidl_generator_c>;/home/chris/turtlebot4_ws/src/action_interfaces/build/action_interfaces/rosidl_generator_c;/home/chris/turtlebot4_ws/src/action_interfaces/build/action_interfaces/rosidl_generator_cpp;/home/chris/turtlebot4_ws/src/action_interfaces/build/action_interfaces/rosidl_typesupport_fastrtps_c;/home/chris/turtlebot4_ws/src/action_interfaces/build/action_interfaces/rosidl_typesupport_fastrtps_cpp;$<BUILD_INTERFACE:/home/chris/turtlebot4_ws/src/action_interfaces/build/action_interfaces/rosidl_typesupport_introspection_c>;$<BUILD_INTERFACE:/home/chris/turtlebot4_ws/src/action_interfaces/build/action_interfaces/rosidl_typesupport_c>;$<BUILD_INTERFACE:/home/chris/turtlebot4_ws/src/action_interfaces/build/action_interfaces/rosidl_generator_cpp>;/home/chris/turtlebot4_ws/src/action_interfaces/build/action_interfaces/rosidl_generator_py
-- Configured cppcheck exclude dirs and/or files: 
-- Added test 'cpplint' to check C / C++ code against the Google style
-- Configured cpplint exclude dirs and/or files: 
-- Added test 'flake8' to check Python code syntax and style conventions
-- Added test 'lint_cmake' to check CMake code style
-- Added test 'pep257' to check Python code against some of the style conventions in PEP 257
-- Added test 'uncrustify' to check C / C++ code style
-- Configured uncrustify additional arguments: 
-- Added test 'xmllint' to check XML markup files
-- Configuring done
-- Generating done
-- Build files have been written to: /home/chris/turtlebot4_ws/src/action_interfaces/build/action_interfaces
[  3%] [34m[1mGenerating C code for ROS interfaces[0m
[35m[1mScanning dependencies of target action_interfaces__cpp[0m
[  6%] [34m[1mGenerating C++ code for ROS interfaces[0m
[  6%] Built target action_interfaces__cpp
[ 12%] [34m[1mGenerating C++ introspection for ROS interfaces[0m
[ 12%] [34m[1mGenerating C++ type support dispatch for ROS interfaces[0m
[35m[1mScanning dependencies of target action_interfaces__rosidl_generator_c[0m
[ 16%] [32mBuilding C object CMakeFiles/action_interfaces__rosidl_generator_c.dir/rosidl_generator_c/action_interfaces/action/detail/dock__functions.c.o[0m
[ 19%] [32m[1mLinking C shared library libaction_interfaces__rosidl_generator_c.so[0m
[ 19%] Built target action_interfaces__rosidl_generator_c
[ 22%] [34m[1mGenerating C++ type support for eProsima Fast-RTPS[0m
[35m[1mScanning dependencies of target action_interfaces__rosidl_typesupport_cpp[0m
[ 25%] [32mBuilding CXX object CMakeFiles/action_interfaces__rosidl_typesupport_cpp.dir/rosidl_typesupport_cpp/action_interfaces/action/dock__type_support.cpp.o[0m
[35m[1mScanning dependencies of target action_interfaces__rosidl_typesupport_introspection_cpp[0m
[ 29%] [32mBuilding CXX object CMakeFiles/action_interfaces__rosidl_typesupport_introspection_cpp.dir/rosidl_typesupport_introspection_cpp/action_interfaces/action/detail/dock__type_support.cpp.o[0m
[35m[1mScanning dependencies of target action_interfaces__rosidl_typesupport_fastrtps_cpp[0m
[ 32%] [32m[1mLinking CXX shared library libaction_interfaces__rosidl_typesupport_cpp.so[0m
[ 35%] [32mBuilding CXX object CMakeFiles/action_interfaces__rosidl_typesupport_fastrtps_cpp.dir/rosidl_typesupport_fastrtps_cpp/action_interfaces/action/detail/dds_fastrtps/dock__type_support.cpp.o[0m
[ 35%] Built target action_interfaces__rosidl_typesupport_cpp
[ 38%] [34m[1mGenerating C type support dispatch for ROS interfaces[0m
[ 41%] [32m[1mLinking CXX shared library libaction_interfaces__rosidl_typesupport_introspection_cpp.so[0m
[35m[1mScanning dependencies of target action_interfaces__rosidl_typesupport_c[0m
[ 45%] [32mBuilding CXX object CMakeFiles/action_interfaces__rosidl_typesupport_c.dir/rosidl_typesupport_c/action_interfaces/action/dock__type_support.cpp.o[0m
[ 45%] Built target action_interfaces__rosidl_typesupport_introspection_cpp
[ 48%] [32m[1mLinking CXX shared library libaction_interfaces__rosidl_typesupport_c.so[0m
[ 51%] [34m[1mGenerating C introspection for ROS interfaces[0m
[ 51%] Built target action_interfaces__rosidl_typesupport_c
[ 54%] [32m[1mLinking CXX shared library libaction_interfaces__rosidl_typesupport_fastrtps_cpp.so[0m
[35m[1mScanning dependencies of target action_interfaces__rosidl_typesupport_introspection_c[0m
[ 58%] [32mBuilding C object CMakeFiles/action_interfaces__rosidl_typesupport_introspection_c.dir/rosidl_typesupport_introspection_c/action_interfaces/action/detail/dock__type_support.c.o[0m
[ 58%] Built target action_interfaces__rosidl_typesupport_fastrtps_cpp
[ 61%] [34m[1mGenerating C type support for eProsima Fast-RTPS[0m
[ 64%] [32m[1mLinking C shared library libaction_interfaces__rosidl_typesupport_introspection_c.so[0m
[ 64%] Built target action_interfaces__rosidl_typesupport_introspection_c
[35m[1mScanning dependencies of target action_interfaces__rosidl_typesupport_fastrtps_c[0m
[ 67%] [32mBuilding CXX object CMakeFiles/action_interfaces__rosidl_typesupport_fastrtps_c.dir/rosidl_typesupport_fastrtps_c/action_interfaces/action/detail/dock__type_support_c.cpp.o[0m
[ 70%] [32m[1mLinking CXX shared library libaction_interfaces__rosidl_typesupport_fastrtps_c.so[0m
[ 70%] Built target action_interfaces__rosidl_typesupport_fastrtps_c
[35m[1mScanning dependencies of target action_interfaces[0m
[ 70%] Built target action_interfaces
[35m[1mScanning dependencies of target action_interfaces__py[0m
[ 74%] [34m[1mGenerating Python code for ROS interfaces[0m
[ 74%] Built target action_interfaces__py
[35m[1mScanning dependencies of target action_interfaces__python[0m
[ 77%] [32mBuilding C object CMakeFiles/action_interfaces__python.dir/rosidl_generator_py/action_interfaces/action/_dock_s.c.o[0m
[ 80%] [32m[1mLinking C shared library rosidl_generator_py/action_interfaces/libaction_interfaces__python.so[0m
[ 80%] Built target action_interfaces__python
[35m[1mScanning dependencies of target action_interfaces__rosidl_typesupport_fastrtps_c__pyext[0m
[35m[1mScanning dependencies of target action_interfaces__rosidl_typesupport_introspection_c__pyext[0m
[35m[1mScanning dependencies of target action_interfaces__rosidl_typesupport_c__pyext[0m
[ 83%] [32mBuilding C object CMakeFiles/action_interfaces__rosidl_typesupport_introspection_c__pyext.dir/rosidl_generator_py/action_interfaces/_action_interfaces_s.ep.rosidl_typesupport_introspection_c.c.o[0m
[ 87%] [32mBuilding C object CMakeFiles/action_interfaces__rosidl_typesupport_fastrtps_c__pyext.dir/rosidl_generator_py/action_interfaces/_action_interfaces_s.ep.rosidl_typesupport_fastrtps_c.c.o[0m
[ 90%] [32mBuilding C object CMakeFiles/action_interfaces__rosidl_typesupport_c__pyext.dir/rosidl_generator_py/action_interfaces/_action_interfaces_s.ep.rosidl_typesupport_c.c.o[0m
[ 93%] [32m[1mLinking CXX shared library rosidl_generator_py/action_interfaces/action_interfaces_s__rosidl_typesupport_fastrtps_c.cpython-38-x86_64-linux-gnu.so[0m
[ 96%] [32m[1mLinking C shared library rosidl_generator_py/action_interfaces/action_interfaces_s__rosidl_typesupport_introspection_c.cpython-38-x86_64-linux-gnu.so[0m
[100%] [32m[1mLinking C shared library rosidl_generator_py/action_interfaces/action_interfaces_s__rosidl_typesupport_c.cpython-38-x86_64-linux-gnu.so[0m
[100%] Built target action_interfaces__rosidl_typesupport_introspection_c__pyext
[100%] Built target action_interfaces__rosidl_typesupport_c__pyext
[100%] Built target action_interfaces__rosidl_typesupport_fastrtps_c__pyext
-- Install configuration: ""
-- Installing: /home/chris/turtlebot4_ws/src/action_interfaces/install/action_interfaces/share/ament_index/resource_index/rosidl_interfaces/action_interfaces
-- Installing: /home/chris/turtlebot4_ws/src/action_interfaces/install/action_interfaces/include/action_interfaces
-- Installing: /home/chris/turtlebot4_ws/src/action_interfaces/install/action_interfaces/include/action_interfaces/msg
-- Installing: /home/chris/turtlebot4_ws/src/action_interfaces/install/action_interfaces/include/action_interfaces/msg/rosidl_generator_c__visibility_control.h
-- Installing: /home/chris/turtlebot4_ws/src/action_interfaces/install/action_interfaces/include/action_interfaces/action
-- Installing: /home/chris/turtlebot4_ws/src/action_interfaces/install/action_interfaces/include/action_interfaces/action/dock.h
-- Installing: /home/chris/turtlebot4_ws/src/action_interfaces/install/action_interfaces/include/action_interfaces/action/detail
-- Installing: /home/chris/turtlebot4_ws/src/action_interfaces/install/action_interfaces/include/action_interfaces/action/detail/dock__functions.c
-- Installing: /home/chris/turtlebot4_ws/src/action_interfaces/install/action_interfaces/include/action_interfaces/action/detail/dock__functions.h
-- Installing: /home/chris/turtlebot4_ws/src/action_interfaces/install/action_interfaces/include/action_interfaces/action/detail/dock__type_support.h
-- Installing: /home/chris/turtlebot4_ws/src/action_interfaces/install/action_interfaces/include/action_interfaces/action/detail/dock__struct.h
-- Installing: /home/chris/turtlebot4_ws/src/action_interfaces/install/action_interfaces/share/action_interfaces/environment/library_path.sh
-- Installing: /home/chris/turtlebot4_ws/src/action_interfaces/install/action_interfaces/share/action_interfaces/environment/library_path.dsv
-- Installing: /home/chris/turtlebot4_ws/src/action_interfaces/install/action_interfaces/lib/libaction_interfaces__rosidl_generator_c.so
-- Set runtime path of "/home/chris/turtlebot4_ws/src/action_interfaces/install/action_interfaces/lib/libaction_interfaces__rosidl_generator_c.so" to ""
-- Up-to-date: /home/chris/turtlebot4_ws/src/action_interfaces/install/action_interfaces/include/action_interfaces
-- Up-to-date: /home/chris/turtlebot4_ws/src/action_interfaces/install/action_interfaces/include/action_interfaces/msg
-- Installing: /home/chris/turtlebot4_ws/src/action_interfaces/install/action_interfaces/include/action_interfaces/msg/rosidl_typesupport_fastrtps_c__visibility_control.h
-- Up-to-date: /home/chris/turtlebot4_ws/src/action_interfaces/install/action_interfaces/include/action_interfaces/action
-- Up-to-date: /home/chris/turtlebot4_ws/src/action_interfaces/install/action_interfaces/include/action_interfaces/action/detail
-- Installing: /home/chris/turtlebot4_ws/src/action_interfaces/install/action_interfaces/include/action_interfaces/action/detail/dock__rosidl_typesupport_fastrtps_c.h
-- Installing: /home/chris/turtlebot4_ws/src/action_interfaces/install/action_interfaces/lib/libaction_interfaces__rosidl_typesupport_fastrtps_c.so
-- Set runtime path of "/home/chris/turtlebot4_ws/src/action_interfaces/install/action_interfaces/lib/libaction_interfaces__rosidl_typesupport_fastrtps_c.so" to ""
-- Up-to-date: /home/chris/turtlebot4_ws/src/action_interfaces/install/action_interfaces/include/action_interfaces
-- Up-to-date: /home/chris/turtlebot4_ws/src/action_interfaces/install/action_interfaces/include/action_interfaces/msg
-- Installing: /home/chris/turtlebot4_ws/src/action_interfaces/install/action_interfaces/include/action_interfaces/msg/rosidl_typesupport_fastrtps_cpp__visibility_control.h
-- Up-to-date: /home/chris/turtlebot4_ws/src/action_interfaces/install/action_interfaces/include/action_interfaces/action
-- Up-to-date: /home/chris/turtlebot4_ws/src/action_interfaces/install/action_interfaces/include/action_interfaces/action/detail
-- Installing: /home/chris/turtlebot4_ws/src/action_interfaces/install/action_interfaces/include/action_interfaces/action/detail/dock__rosidl_typesupport_fastrtps_cpp.hpp
-- Installing: /home/chris/turtlebot4_ws/src/action_interfaces/install/action_interfaces/include/action_interfaces/action/detail/dds_fastrtps
-- Installing: /home/chris/turtlebot4_ws/src/action_interfaces/install/action_interfaces/lib/libaction_interfaces__rosidl_typesupport_fastrtps_cpp.so
-- Set runtime path of "/home/chris/turtlebot4_ws/src/action_interfaces/install/action_interfaces/lib/libaction_interfaces__rosidl_typesupport_fastrtps_cpp.so" to ""
-- Up-to-date: /home/chris/turtlebot4_ws/src/action_interfaces/install/action_interfaces/include/action_interfaces
-- Up-to-date: /home/chris/turtlebot4_ws/src/action_interfaces/install/action_interfaces/include/action_interfaces/msg
-- Installing: /home/chris/turtlebot4_ws/src/action_interfaces/install/action_interfaces/include/action_interfaces/msg/rosidl_typesupport_introspection_c__visibility_control.h
-- Up-to-date: /home/chris/turtlebot4_ws/src/action_interfaces/install/action_interfaces/include/action_interfaces/action
-- Up-to-date: /home/chris/turtlebot4_ws/src/action_interfaces/install/action_interfaces/include/action_interfaces/action/detail
-- Installing: /home/chris/turtlebot4_ws/src/action_interfaces/install/action_interfaces/include/action_interfaces/action/detail/dock__type_support.c
-- Installing: /home/chris/turtlebot4_ws/src/action_interfaces/install/action_interfaces/include/action_interfaces/action/detail/dock__rosidl_typesupport_introspection_c.h
-- Installing: /home/chris/turtlebot4_ws/src/action_interfaces/install/action_interfaces/lib/libaction_interfaces__rosidl_typesupport_introspection_c.so
-- Set runtime path of "/home/chris/turtlebot4_ws/src/action_interfaces/install/action_interfaces/lib/libaction_interfaces__rosidl_typesupport_introspection_c.so" to ""
-- Installing: /home/chris/turtlebot4_ws/src/action_interfaces/install/action_interfaces/lib/libaction_interfaces__rosidl_typesupport_c.so
-- Set runtime path of "/home/chris/turtlebot4_ws/src/action_interfaces/install/action_interfaces/lib/libaction_interfaces__rosidl_typesupport_c.so" to ""
-- Up-to-date: /home/chris/turtlebot4_ws/src/action_interfaces/install/action_interfaces/include/action_interfaces
-- Up-to-date: /home/chris/turtlebot4_ws/src/action_interfaces/install/action_interfaces/include/action_interfaces/action
-- Installing: /home/chris/turtlebot4_ws/src/action_interfaces/install/action_interfaces/include/action_interfaces/action/dock.hpp
-- Up-to-date: /home/chris/turtlebot4_ws/src/action_interfaces/install/action_interfaces/include/action_interfaces/action/detail
-- Installing: /home/chris/turtlebot4_ws/src/action_interfaces/install/action_interfaces/include/action_interfaces/action/detail/dock__builder.hpp
-- Installing: /home/chris/turtlebot4_ws/src/action_interfaces/install/action_interfaces/include/action_interfaces/action/detail/dock__struct.hpp
-- Installing: /home/chris/turtlebot4_ws/src/action_interfaces/install/action_interfaces/include/action_interfaces/action/detail/dock__traits.hpp
-- Up-to-date: /home/chris/turtlebot4_ws/src/action_interfaces/install/action_interfaces/include/action_interfaces
-- Up-to-date: /home/chris/turtlebot4_ws/src/action_interfaces/install/action_interfaces/include/action_interfaces/action
-- Up-to-date: /home/chris/turtlebot4_ws/src/action_interfaces/install/action_interfaces/include/action_interfaces/action/detail
-- Installing: /home/chris/turtlebot4_ws/src/action_interfaces/install/action_interfaces/include/action_interfaces/action/detail/dock__rosidl_typesupport_introspection_cpp.hpp
-- Installing: /home/chris/turtlebot4_ws/src/action_interfaces/install/action_interfaces/include/action_interfaces/action/detail/dock__type_support.cpp
-- Installing: /home/chris/turtlebot4_ws/src/action_interfaces/install/action_interfaces/lib/libaction_interfaces__rosidl_typesupport_introspection_cpp.so
-- Set runtime path of "/home/chris/turtlebot4_ws/src/action_interfaces/install/action_interfaces/lib/libaction_interfaces__rosidl_typesupport_introspection_cpp.so" to ""
-- Installing: /home/chris/turtlebot4_ws/src/action_interfaces/install/action_interfaces/lib/libaction_interfaces__rosidl_typesupport_cpp.so
-- Set runtime path of "/home/chris/turtlebot4_ws/src/action_interfaces/install/action_interfaces/lib/libaction_interfaces__rosidl_typesupport_cpp.so" to ""
-- Installing: /home/chris/turtlebot4_ws/src/action_interfaces/install/action_interfaces/share/action_interfaces/environment/pythonpath.sh
-- Installing: /home/chris/turtlebot4_ws/src/action_interfaces/install/action_interfaces/share/action_interfaces/environment/pythonpath.dsv
-- Installing: /home/chris/turtlebot4_ws/src/action_interfaces/install/action_interfaces/lib/python3.8/site-packages/action_interfaces/__init__.py
Compiling '/home/chris/turtlebot4_ws/src/action_interfaces/install/action_interfaces/lib/python3.8/site-packages/action_interfaces/__init__.py'...
-- Installing: /home/chris/turtlebot4_ws/src/action_interfaces/install/action_interfaces/lib/python3.8/site-packages/action_interfaces/action
-- Installing: /home/chris/turtlebot4_ws/src/action_interfaces/install/action_interfaces/lib/python3.8/site-packages/action_interfaces/action/_dock.py
-- Installing: /home/chris/turtlebot4_ws/src/action_interfaces/install/action_interfaces/lib/python3.8/site-packages/action_interfaces/action/__init__.py
-- Installing: /home/chris/turtlebot4_ws/src/action_interfaces/install/action_interfaces/lib/python3.8/site-packages/action_interfaces/action/_dock_s.c
-- Installing: /home/chris/turtlebot4_ws/src/action_interfaces/install/action_interfaces/lib/python3.8/site-packages/action_interfaces/action_interfaces_s__rosidl_typesupport_fastrtps_c.cpython-38-x86_64-linux-gnu.so
-- Set runtime path of "/home/chris/turtlebot4_ws/src/action_interfaces/install/action_interfaces/lib/python3.8/site-packages/action_interfaces/action_interfaces_s__rosidl_typesupport_fastrtps_c.cpython-38-x86_64-linux-gnu.so" to ""
-- Installing: /home/chris/turtlebot4_ws/src/action_interfaces/install/action_interfaces/lib/python3.8/site-packages/action_interfaces/action_interfaces_s__rosidl_typesupport_introspection_c.cpython-38-x86_64-linux-gnu.so
-- Set runtime path of "/home/chris/turtlebot4_ws/src/action_interfaces/install/action_interfaces/lib/python3.8/site-packages/action_interfaces/action_interfaces_s__rosidl_typesupport_introspection_c.cpython-38-x86_64-linux-gnu.so" to ""
-- Installing: /home/chris/turtlebot4_ws/src/action_interfaces/install/action_interfaces/lib/python3.8/site-packages/action_interfaces/action_interfaces_s__rosidl_typesupport_c.cpython-38-x86_64-linux-gnu.so
-- Set runtime path of "/home/chris/turtlebot4_ws/src/action_interfaces/install/action_interfaces/lib/python3.8/site-packages/action_interfaces/action_interfaces_s__rosidl_typesupport_c.cpython-38-x86_64-linux-gnu.so" to ""
-- Installing: /home/chris/turtlebot4_ws/src/action_interfaces/install/action_interfaces/lib/libaction_interfaces__python.so
-- Set runtime path of "/home/chris/turtlebot4_ws/src/action_interfaces/install/action_interfaces/lib/libaction_interfaces__python.so" to ""
-- Installing: /home/chris/turtlebot4_ws/src/action_interfaces/install/action_interfaces/share/action_interfaces/action/Dock.idl
-- Installing: /home/chris/turtlebot4_ws/src/action_interfaces/install/action_interfaces/share/action_interfaces/action/Dock.action
-- Installing: /home/chris/turtlebot4_ws/src/action_interfaces/install/action_interfaces/share/ament_index/resource_index/package_run_dependencies/action_interfaces
-- Installing: /home/chris/turtlebot4_ws/src/action_interfaces/install/action_interfaces/share/ament_index/resource_index/parent_prefix_path/action_interfaces
-- Installing: /home/chris/turtlebot4_ws/src/action_interfaces/install/action_interfaces/share/action_interfaces/environment/ament_prefix_path.sh
-- Installing: /home/chris/turtlebot4_ws/src/action_interfaces/install/action_interfaces/share/action_interfaces/environment/ament_prefix_path.dsv
-- Installing: /home/chris/turtlebot4_ws/src/action_interfaces/install/action_interfaces/share/action_interfaces/environment/path.sh
-- Installing: /home/chris/turtlebot4_ws/src/action_interfaces/install/action_interfaces/share/action_interfaces/environment/path.dsv
-- Installing: /home/chris/turtlebot4_ws/src/action_interfaces/install/action_interfaces/share/action_interfaces/local_setup.bash
-- Installing: /home/chris/turtlebot4_ws/src/action_interfaces/install/action_interfaces/share/action_interfaces/local_setup.sh
-- Installing: /home/chris/turtlebot4_ws/src/action_interfaces/install/action_interfaces/share/action_interfaces/local_setup.zsh
-- Installing: /home/chris/turtlebot4_ws/src/action_interfaces/install/action_interfaces/share/action_interfaces/local_setup.dsv
-- Installing: /home/chris/turtlebot4_ws/src/action_interfaces/install/action_interfaces/share/action_interfaces/package.dsv
-- Installing: /home/chris/turtlebot4_ws/src/action_interfaces/install/action_interfaces/share/ament_index/resource_index/packages/action_interfaces
-- Installing: /home/chris/turtlebot4_ws/src/action_interfaces/install/action_interfaces/share/action_interfaces/cmake/action_interfaces__rosidl_generator_cExport.cmake
-- Installing: /home/chris/turtlebot4_ws/src/action_interfaces/install/action_interfaces/share/action_interfaces/cmake/action_interfaces__rosidl_generator_cExport-noconfig.cmake
-- Installing: /home/chris/turtlebot4_ws/src/action_interfaces/install/action_interfaces/share/action_interfaces/cmake/action_interfaces__rosidl_typesupport_introspection_cExport.cmake
-- Installing: /home/chris/turtlebot4_ws/src/action_interfaces/install/action_interfaces/share/action_interfaces/cmake/action_interfaces__rosidl_typesupport_introspection_cExport-noconfig.cmake
-- Installing: /home/chris/turtlebot4_ws/src/action_interfaces/install/action_interfaces/share/action_interfaces/cmake/action_interfaces__rosidl_typesupport_cExport.cmake
-- Installing: /home/chris/turtlebot4_ws/src/action_interfaces/install/action_interfaces/share/action_interfaces/cmake/action_interfaces__rosidl_typesupport_cExport-noconfig.cmake
-- Installing: /home/chris/turtlebot4_ws/src/action_interfaces/install/action_interfaces/share/action_interfaces/cmake/action_interfaces__rosidl_generator_cppExport.cmake
-- Installing: /home/chris/turtlebot4_ws/src/action_interfaces/install/action_interfaces/share/action_interfaces/cmake/action_interfaces__rosidl_typesupport_introspection_cppExport.cmake
-- Installing: /home/chris/turtlebot4_ws/src/action_interfaces/install/action_interfaces/share/action_interfaces/cmake/action_interfaces__rosidl_typesupport_introspection_cppExport-noconfig.cmake
-- Installing: /home/chris/turtlebot4_ws/src/action_interfaces/install/action_interfaces/share/action_interfaces/cmake/action_interfaces__rosidl_typesupport_cppExport.cmake
-- Installing: /home/chris/turtlebot4_ws/src/action_interfaces/install/action_interfaces/share/action_interfaces/cmake/action_interfaces__rosidl_typesupport_cppExport-noconfig.cmake
-- Installing: /home/chris/turtlebot4_ws/src/action_interfaces/install/action_interfaces/share/action_interfaces/cmake/rosidl_cmake-extras.cmake
-- Installing: /home/chris/turtlebot4_ws/src/action_interfaces/install/action_interfaces/share/action_interfaces/cmake/ament_cmake_export_dependencies-extras.cmake
-- Installing: /home/chris/turtlebot4_ws/src/action_interfaces/install/action_interfaces/share/action_interfaces/cmake/ament_cmake_export_libraries-extras.cmake
-- Installing: /home/chris/turtlebot4_ws/src/action_interfaces/install/action_interfaces/share/action_interfaces/cmake/ament_cmake_export_targets-extras.cmake
-- Installing: /home/chris/turtlebot4_ws/src/action_interfaces/install/action_interfaces/share/action_interfaces/cmake/ament_cmake_export_include_directories-extras.cmake
-- Installing: /home/chris/turtlebot4_ws/src/action_interfaces/install/action_interfaces/share/action_interfaces/cmake/rosidl_cmake_export_typesupport_libraries-extras.cmake
-- Installing: /home/chris/turtlebot4_ws/src/action_interfaces/install/action_interfaces/share/action_interfaces/cmake/rosidl_cmake_export_typesupport_targets-extras.cmake
-- Installing: /home/chris/turtlebot4_ws/src/action_interfaces/install/action_interfaces/share/action_interfaces/cmake/action_interfacesConfig.cmake
-- Installing: /home/chris/turtlebot4_ws/src/action_interfaces/install/action_interfaces/share/action_interfaces/cmake/action_interfacesConfig-version.cmake
-- Installing: /home/chris/turtlebot4_ws/src/action_interfaces/install/action_interfaces/share/action_interfaces/package.xml
