[0.011s] Invoking command in '/home/chris/turtlebot4_ws/src/action_interfaces/build/action_interfaces': CMAKE_PREFIX_PATH=${CMAKE_PREFIX_PATH}:/home/chris/turtlebot4_ws/install/turtlebot4_py_gui:/home/chris/turtlebot4_ws/install/turtlebot4_py_dock:/home/chris/turtlebot4_ws/install/turtlebot4_docking_proc:/home/chris/turtlebot4_ws/install/turtlebot4_GUI:/opt/ros/galactic /usr/bin/cmake /home/chris/turtlebot4_ws/src/action_interfaces -DCMAKE_INSTALL_PREFIX=/home/chris/turtlebot4_ws/src/action_interfaces/install/action_interfaces
[0.022s] -- Found ament_cmake: 1.1.6 (/opt/ros/galactic/share/ament_cmake/cmake)
[0.045s] -- Found PythonInterp: /usr/bin/python3 (found suitable version "3.8.10", minimum required is "3") 
[0.045s] -- Using PYTHON_EXECUTABLE: /usr/bin/python3
[0.088s] -- Found ament_lint_auto: 0.10.7 (/opt/ros/galactic/share/ament_lint_auto/cmake)
[0.133s] -- Found rosidl_default_generators: 1.1.1 (/opt/ros/galactic/share/rosidl_default_generators/cmake)
[0.135s] -- Using all available rosidl_typesupport_c: rosidl_typesupport_fastrtps_c;rosidl_typesupport_introspection_c
[0.137s] -- Found rosidl_adapter: 2.2.3 (/opt/ros/galactic/share/rosidl_adapter/cmake)
[0.234s] -- Using all available rosidl_typesupport_cpp: rosidl_typesupport_fastrtps_cpp;rosidl_typesupport_introspection_cpp
[0.266s] -- Found PythonInterp: /usr/bin/python3 (found version "3.8.10") 
[0.393s] -- Found ament_cmake_ros: 0.9.2 (/opt/ros/galactic/share/ament_cmake_ros/cmake)
[0.495s] -- Using all available rosidl_typesupport_c: rosidl_typesupport_fastrtps_c;rosidl_typesupport_introspection_c
[0.512s] -- Using all available rosidl_typesupport_cpp: rosidl_typesupport_fastrtps_cpp;rosidl_typesupport_introspection_cpp
[0.536s] -- Found PythonInterp: /usr/bin/python3 (found suitable version "3.8.10", minimum required is "3.5") 
[0.539s] -- Found python_cmake_module: 0.8.1 (/opt/ros/galactic/share/python_cmake_module/cmake)
[0.566s] -- Found PythonLibs: /usr/lib/x86_64-linux-gnu/libpython3.8.so (found suitable version "3.8.10", minimum required is "3.5") 
[0.567s] -- Using PYTHON_EXECUTABLE: /usr/bin/python3
[0.567s] -- Using PYTHON_INCLUDE_DIRS: /usr/include/python3.8
[0.567s] -- Using PYTHON_LIBRARIES: /usr/lib/x86_64-linux-gnu/libpython3.8.so
[0.586s] -- Found PythonExtra: .so  
[0.813s] -- Added test 'copyright' to check source files copyright and LICENSE
[0.818s] -- Added test 'cppcheck' to perform static code analysis on C / C++ code
[0.819s] -- Configured cppcheck include dirs: $<BUILD_INTERFACE:/home/chris/turtlebot4_ws/src/action_interfaces/build/action_interfaces/rosidl_generator_c>;/home/chris/turtlebot4_ws/src/action_interfaces/build/action_interfaces/rosidl_generator_c;/home/chris/turtlebot4_ws/src/action_interfaces/build/action_interfaces/rosidl_generator_cpp;/home/chris/turtlebot4_ws/src/action_interfaces/build/action_interfaces/rosidl_typesupport_fastrtps_c;/home/chris/turtlebot4_ws/src/action_interfaces/build/action_interfaces/rosidl_typesupport_fastrtps_cpp;$<BUILD_INTERFACE:/home/chris/turtlebot4_ws/src/action_interfaces/build/action_interfaces/rosidl_typesupport_introspection_c>;$<BUILD_INTERFACE:/home/chris/turtlebot4_ws/src/action_interfaces/build/action_interfaces/rosidl_typesupport_c>;$<BUILD_INTERFACE:/home/chris/turtlebot4_ws/src/action_interfaces/build/action_interfaces/rosidl_generator_cpp>;/home/chris/turtlebot4_ws/src/action_interfaces/build/action_interfaces/rosidl_generator_py
[0.820s] -- Configured cppcheck exclude dirs and/or files: 
[0.825s] -- Added test 'cpplint' to check C / C++ code against the Google style
[0.825s] -- Configured cpplint exclude dirs and/or files: 
[0.827s] -- Added test 'flake8' to check Python code syntax and style conventions
[0.829s] -- Added test 'lint_cmake' to check CMake code style
[0.830s] -- Added test 'pep257' to check Python code against some of the style conventions in PEP 257
[0.835s] -- Added test 'uncrustify' to check C / C++ code style
[0.835s] -- Configured uncrustify additional arguments: 
[0.837s] -- Added test 'xmllint' to check XML markup files
[0.847s] -- Configuring done
[0.890s] -- Generating done
[0.891s] -- Build files have been written to: /home/chris/turtlebot4_ws/src/action_interfaces/build/action_interfaces
[0.897s] Invoked command in '/home/chris/turtlebot4_ws/src/action_interfaces/build/action_interfaces' returned '0': CMAKE_PREFIX_PATH=${CMAKE_PREFIX_PATH}:/home/chris/turtlebot4_ws/install/turtlebot4_py_gui:/home/chris/turtlebot4_ws/install/turtlebot4_py_dock:/home/chris/turtlebot4_ws/install/turtlebot4_docking_proc:/home/chris/turtlebot4_ws/install/turtlebot4_GUI:/opt/ros/galactic /usr/bin/cmake /home/chris/turtlebot4_ws/src/action_interfaces -DCMAKE_INSTALL_PREFIX=/home/chris/turtlebot4_ws/src/action_interfaces/install/action_interfaces
[0.899s] Invoking command in '/home/chris/turtlebot4_ws/src/action_interfaces/build/action_interfaces': CMAKE_PREFIX_PATH=${CMAKE_PREFIX_PATH}:/home/chris/turtlebot4_ws/install/turtlebot4_py_gui:/home/chris/turtlebot4_ws/install/turtlebot4_py_dock:/home/chris/turtlebot4_ws/install/turtlebot4_docking_proc:/home/chris/turtlebot4_ws/install/turtlebot4_GUI:/opt/ros/galactic /usr/bin/cmake --build /home/chris/turtlebot4_ws/src/action_interfaces/build/action_interfaces -- -j3 -l3
[0.934s] [  3%] [34m[1mGenerating C code for ROS interfaces[0m
[0.934s] [35m[1mScanning dependencies of target action_interfaces__cpp[0m
[0.941s] [  6%] [34m[1mGenerating C++ code for ROS interfaces[0m
[1.231s] [  6%] Built target action_interfaces__cpp
[1.239s] [ 12%] [34m[1mGenerating C++ introspection for ROS interfaces[0m
[1.239s] [ 12%] [34m[1mGenerating C++ type support dispatch for ROS interfaces[0m
[1.239s] [35m[1mScanning dependencies of target action_interfaces__rosidl_generator_c[0m
[1.255s] [ 16%] [32mBuilding C object CMakeFiles/action_interfaces__rosidl_generator_c.dir/rosidl_generator_c/action_interfaces/action/detail/dock__functions.c.o[0m
[1.363s] [ 19%] [32m[1mLinking C shared library libaction_interfaces__rosidl_generator_c.so[0m
[1.458s] [ 19%] Built target action_interfaces__rosidl_generator_c
[1.496s] [ 22%] [34m[1mGenerating C++ type support for eProsima Fast-RTPS[0m
[1.516s] [35m[1mScanning dependencies of target action_interfaces__rosidl_typesupport_cpp[0m
[1.555s] [ 25%] [32mBuilding CXX object CMakeFiles/action_interfaces__rosidl_typesupport_cpp.dir/rosidl_typesupport_cpp/action_interfaces/action/dock__type_support.cpp.o[0m
[1.623s] [35m[1mScanning dependencies of target action_interfaces__rosidl_typesupport_introspection_cpp[0m
[1.661s] [ 29%] [32mBuilding CXX object CMakeFiles/action_interfaces__rosidl_typesupport_introspection_cpp.dir/rosidl_typesupport_introspection_cpp/action_interfaces/action/detail/dock__type_support.cpp.o[0m
[2.111s] [35m[1mScanning dependencies of target action_interfaces__rosidl_typesupport_fastrtps_cpp[0m
[2.128s] [ 32%] [32m[1mLinking CXX shared library libaction_interfaces__rosidl_typesupport_cpp.so[0m
[2.168s] [ 35%] [32mBuilding CXX object CMakeFiles/action_interfaces__rosidl_typesupport_fastrtps_cpp.dir/rosidl_typesupport_fastrtps_cpp/action_interfaces/action/detail/dds_fastrtps/dock__type_support.cpp.o[0m
[2.177s] [ 35%] Built target action_interfaces__rosidl_typesupport_cpp
[2.190s] [ 38%] [34m[1mGenerating C type support dispatch for ROS interfaces[0m
[2.386s] [ 41%] [32m[1mLinking CXX shared library libaction_interfaces__rosidl_typesupport_introspection_cpp.so[0m
[2.435s] [35m[1mScanning dependencies of target action_interfaces__rosidl_typesupport_c[0m
[2.468s] [ 45%] [32mBuilding CXX object CMakeFiles/action_interfaces__rosidl_typesupport_c.dir/rosidl_typesupport_c/action_interfaces/action/dock__type_support.cpp.o[0m
[2.539s] [ 45%] Built target action_interfaces__rosidl_typesupport_introspection_cpp
[2.540s] [ 48%] [32m[1mLinking CXX shared library libaction_interfaces__rosidl_typesupport_c.so[0m
[2.571s] [ 51%] [34m[1mGenerating C introspection for ROS interfaces[0m
[2.652s] [ 51%] Built target action_interfaces__rosidl_typesupport_c
[2.891s] [ 54%] [32m[1mLinking CXX shared library libaction_interfaces__rosidl_typesupport_fastrtps_cpp.so[0m
[3.006s] [35m[1mScanning dependencies of target action_interfaces__rosidl_typesupport_introspection_c[0m
[3.026s] [ 58%] [32mBuilding C object CMakeFiles/action_interfaces__rosidl_typesupport_introspection_c.dir/rosidl_typesupport_introspection_c/action_interfaces/action/detail/dock__type_support.c.o[0m
[3.041s] [ 58%] Built target action_interfaces__rosidl_typesupport_fastrtps_cpp
[3.051s] [ 61%] [34m[1mGenerating C type support for eProsima Fast-RTPS[0m
[3.077s] [ 64%] [32m[1mLinking C shared library libaction_interfaces__rosidl_typesupport_introspection_c.so[0m
[3.130s] [ 64%] Built target action_interfaces__rosidl_typesupport_introspection_c
[3.327s] [35m[1mScanning dependencies of target action_interfaces__rosidl_typesupport_fastrtps_c[0m
[3.343s] [ 67%] [32mBuilding CXX object CMakeFiles/action_interfaces__rosidl_typesupport_fastrtps_c.dir/rosidl_typesupport_fastrtps_c/action_interfaces/action/detail/dock__type_support_c.cpp.o[0m
[3.641s] [ 70%] [32m[1mLinking CXX shared library libaction_interfaces__rosidl_typesupport_fastrtps_c.so[0m
[3.717s] [ 70%] Built target action_interfaces__rosidl_typesupport_fastrtps_c
[3.728s] [35m[1mScanning dependencies of target action_interfaces[0m
[3.738s] [ 70%] Built target action_interfaces
[3.748s] [35m[1mScanning dependencies of target action_interfaces__py[0m
[3.758s] [ 74%] [34m[1mGenerating Python code for ROS interfaces[0m
[4.458s] [ 74%] Built target action_interfaces__py
[4.465s] [35m[1mScanning dependencies of target action_interfaces__python[0m
[4.509s] [ 77%] [32mBuilding C object CMakeFiles/action_interfaces__python.dir/rosidl_generator_py/action_interfaces/action/_dock_s.c.o[0m
[4.640s] [ 80%] [32m[1mLinking C shared library rosidl_generator_py/action_interfaces/libaction_interfaces__python.so[0m
[4.674s] [ 80%] Built target action_interfaces__python
[4.694s] [35m[1mScanning dependencies of target action_interfaces__rosidl_typesupport_fastrtps_c__pyext[0m
[4.695s] [35m[1mScanning dependencies of target action_interfaces__rosidl_typesupport_introspection_c__pyext[0m
[4.698s] [35m[1mScanning dependencies of target action_interfaces__rosidl_typesupport_c__pyext[0m
[4.732s] [ 83%] [32mBuilding C object CMakeFiles/action_interfaces__rosidl_typesupport_introspection_c__pyext.dir/rosidl_generator_py/action_interfaces/_action_interfaces_s.ep.rosidl_typesupport_introspection_c.c.o[0m
[4.732s] [ 87%] [32mBuilding C object CMakeFiles/action_interfaces__rosidl_typesupport_fastrtps_c__pyext.dir/rosidl_generator_py/action_interfaces/_action_interfaces_s.ep.rosidl_typesupport_fastrtps_c.c.o[0m
[4.743s] [ 90%] [32mBuilding C object CMakeFiles/action_interfaces__rosidl_typesupport_c__pyext.dir/rosidl_generator_py/action_interfaces/_action_interfaces_s.ep.rosidl_typesupport_c.c.o[0m
[4.892s] [ 93%] [32m[1mLinking CXX shared library rosidl_generator_py/action_interfaces/action_interfaces_s__rosidl_typesupport_fastrtps_c.cpython-38-x86_64-linux-gnu.so[0m
[4.899s] [ 96%] [32m[1mLinking C shared library rosidl_generator_py/action_interfaces/action_interfaces_s__rosidl_typesupport_introspection_c.cpython-38-x86_64-linux-gnu.so[0m
[4.908s] [100%] [32m[1mLinking C shared library rosidl_generator_py/action_interfaces/action_interfaces_s__rosidl_typesupport_c.cpython-38-x86_64-linux-gnu.so[0m
[4.947s] [100%] Built target action_interfaces__rosidl_typesupport_introspection_c__pyext
[4.970s] [100%] Built target action_interfaces__rosidl_typesupport_c__pyext
[4.978s] [100%] Built target action_interfaces__rosidl_typesupport_fastrtps_c__pyext
[4.987s] Invoked command in '/home/chris/turtlebot4_ws/src/action_interfaces/build/action_interfaces' returned '0': CMAKE_PREFIX_PATH=${CMAKE_PREFIX_PATH}:/home/chris/turtlebot4_ws/install/turtlebot4_py_gui:/home/chris/turtlebot4_ws/install/turtlebot4_py_dock:/home/chris/turtlebot4_ws/install/turtlebot4_docking_proc:/home/chris/turtlebot4_ws/install/turtlebot4_GUI:/opt/ros/galactic /usr/bin/cmake --build /home/chris/turtlebot4_ws/src/action_interfaces/build/action_interfaces -- -j3 -l3
[5.039s] Invoking command in '/home/chris/turtlebot4_ws/src/action_interfaces/build/action_interfaces': CMAKE_PREFIX_PATH=${CMAKE_PREFIX_PATH}:/home/chris/turtlebot4_ws/install/turtlebot4_py_gui:/home/chris/turtlebot4_ws/install/turtlebot4_py_dock:/home/chris/turtlebot4_ws/install/turtlebot4_docking_proc:/home/chris/turtlebot4_ws/install/turtlebot4_GUI:/opt/ros/galactic /usr/bin/cmake --install /home/chris/turtlebot4_ws/src/action_interfaces/build/action_interfaces
[5.049s] -- Install configuration: ""
[5.049s] -- Installing: /home/chris/turtlebot4_ws/src/action_interfaces/install/action_interfaces/share/ament_index/resource_index/rosidl_interfaces/action_interfaces
[5.049s] -- Installing: /home/chris/turtlebot4_ws/src/action_interfaces/install/action_interfaces/include/action_interfaces
[5.049s] -- Installing: /home/chris/turtlebot4_ws/src/action_interfaces/install/action_interfaces/include/action_interfaces/msg
[5.049s] -- Installing: /home/chris/turtlebot4_ws/src/action_interfaces/install/action_interfaces/include/action_interfaces/msg/rosidl_generator_c__visibility_control.h
[5.050s] -- Installing: /home/chris/turtlebot4_ws/src/action_interfaces/install/action_interfaces/include/action_interfaces/action
[5.050s] -- Installing: /home/chris/turtlebot4_ws/src/action_interfaces/install/action_interfaces/include/action_interfaces/action/dock.h
[5.050s] -- Installing: /home/chris/turtlebot4_ws/src/action_interfaces/install/action_interfaces/include/action_interfaces/action/detail
[5.050s] -- Installing: /home/chris/turtlebot4_ws/src/action_interfaces/install/action_interfaces/include/action_interfaces/action/detail/dock__functions.c
[5.050s] -- Installing: /home/chris/turtlebot4_ws/src/action_interfaces/install/action_interfaces/include/action_interfaces/action/detail/dock__functions.h
[5.051s] -- Installing: /home/chris/turtlebot4_ws/src/action_interfaces/install/action_interfaces/include/action_interfaces/action/detail/dock__type_support.h
[5.051s] -- Installing: /home/chris/turtlebot4_ws/src/action_interfaces/install/action_interfaces/include/action_interfaces/action/detail/dock__struct.h
[5.051s] -- Installing: /home/chris/turtlebot4_ws/src/action_interfaces/install/action_interfaces/share/action_interfaces/environment/library_path.sh
[5.051s] -- Installing: /home/chris/turtlebot4_ws/src/action_interfaces/install/action_interfaces/share/action_interfaces/environment/library_path.dsv
[5.052s] -- Installing: /home/chris/turtlebot4_ws/src/action_interfaces/install/action_interfaces/lib/libaction_interfaces__rosidl_generator_c.so
[5.052s] -- Set runtime path of "/home/chris/turtlebot4_ws/src/action_interfaces/install/action_interfaces/lib/libaction_interfaces__rosidl_generator_c.so" to ""
[5.052s] -- Up-to-date: /home/chris/turtlebot4_ws/src/action_interfaces/install/action_interfaces/include/action_interfaces
[5.052s] -- Up-to-date: /home/chris/turtlebot4_ws/src/action_interfaces/install/action_interfaces/include/action_interfaces/msg
[5.053s] -- Installing: /home/chris/turtlebot4_ws/src/action_interfaces/install/action_interfaces/include/action_interfaces/msg/rosidl_typesupport_fastrtps_c__visibility_control.h
[5.053s] -- Up-to-date: /home/chris/turtlebot4_ws/src/action_interfaces/install/action_interfaces/include/action_interfaces/action
[5.053s] -- Up-to-date: /home/chris/turtlebot4_ws/src/action_interfaces/install/action_interfaces/include/action_interfaces/action/detail
[5.053s] -- Installing: /home/chris/turtlebot4_ws/src/action_interfaces/install/action_interfaces/include/action_interfaces/action/detail/dock__rosidl_typesupport_fastrtps_c.h
[5.053s] -- Installing: /home/chris/turtlebot4_ws/src/action_interfaces/install/action_interfaces/lib/libaction_interfaces__rosidl_typesupport_fastrtps_c.so
[5.054s] -- Set runtime path of "/home/chris/turtlebot4_ws/src/action_interfaces/install/action_interfaces/lib/libaction_interfaces__rosidl_typesupport_fastrtps_c.so" to ""
[5.055s] -- Up-to-date: /home/chris/turtlebot4_ws/src/action_interfaces/install/action_interfaces/include/action_interfaces
[5.055s] -- Up-to-date: /home/chris/turtlebot4_ws/src/action_interfaces/install/action_interfaces/include/action_interfaces/msg
[5.055s] -- Installing: /home/chris/turtlebot4_ws/src/action_interfaces/install/action_interfaces/include/action_interfaces/msg/rosidl_typesupport_fastrtps_cpp__visibility_control.h
[5.055s] -- Up-to-date: /home/chris/turtlebot4_ws/src/action_interfaces/install/action_interfaces/include/action_interfaces/action
[5.055s] -- Up-to-date: /home/chris/turtlebot4_ws/src/action_interfaces/install/action_interfaces/include/action_interfaces/action/detail
[5.055s] -- Installing: /home/chris/turtlebot4_ws/src/action_interfaces/install/action_interfaces/include/action_interfaces/action/detail/dock__rosidl_typesupport_fastrtps_cpp.hpp
[5.055s] -- Installing: /home/chris/turtlebot4_ws/src/action_interfaces/install/action_interfaces/include/action_interfaces/action/detail/dds_fastrtps
[5.056s] -- Installing: /home/chris/turtlebot4_ws/src/action_interfaces/install/action_interfaces/lib/libaction_interfaces__rosidl_typesupport_fastrtps_cpp.so
[5.056s] -- Set runtime path of "/home/chris/turtlebot4_ws/src/action_interfaces/install/action_interfaces/lib/libaction_interfaces__rosidl_typesupport_fastrtps_cpp.so" to ""
[5.056s] -- Up-to-date: /home/chris/turtlebot4_ws/src/action_interfaces/install/action_interfaces/include/action_interfaces
[5.056s] -- Up-to-date: /home/chris/turtlebot4_ws/src/action_interfaces/install/action_interfaces/include/action_interfaces/msg
[5.056s] -- Installing: /home/chris/turtlebot4_ws/src/action_interfaces/install/action_interfaces/include/action_interfaces/msg/rosidl_typesupport_introspection_c__visibility_control.h
[5.056s] -- Up-to-date: /home/chris/turtlebot4_ws/src/action_interfaces/install/action_interfaces/include/action_interfaces/action
[5.056s] -- Up-to-date: /home/chris/turtlebot4_ws/src/action_interfaces/install/action_interfaces/include/action_interfaces/action/detail
[5.056s] -- Installing: /home/chris/turtlebot4_ws/src/action_interfaces/install/action_interfaces/include/action_interfaces/action/detail/dock__type_support.c
[5.056s] -- Installing: /home/chris/turtlebot4_ws/src/action_interfaces/install/action_interfaces/include/action_interfaces/action/detail/dock__rosidl_typesupport_introspection_c.h
[5.056s] -- Installing: /home/chris/turtlebot4_ws/src/action_interfaces/install/action_interfaces/lib/libaction_interfaces__rosidl_typesupport_introspection_c.so
[5.056s] -- Set runtime path of "/home/chris/turtlebot4_ws/src/action_interfaces/install/action_interfaces/lib/libaction_interfaces__rosidl_typesupport_introspection_c.so" to ""
[5.056s] -- Installing: /home/chris/turtlebot4_ws/src/action_interfaces/install/action_interfaces/lib/libaction_interfaces__rosidl_typesupport_c.so
[5.057s] -- Set runtime path of "/home/chris/turtlebot4_ws/src/action_interfaces/install/action_interfaces/lib/libaction_interfaces__rosidl_typesupport_c.so" to ""
[5.057s] -- Up-to-date: /home/chris/turtlebot4_ws/src/action_interfaces/install/action_interfaces/include/action_interfaces
[5.057s] -- Up-to-date: /home/chris/turtlebot4_ws/src/action_interfaces/install/action_interfaces/include/action_interfaces/action
[5.057s] -- Installing: /home/chris/turtlebot4_ws/src/action_interfaces/install/action_interfaces/include/action_interfaces/action/dock.hpp
[5.057s] -- Up-to-date: /home/chris/turtlebot4_ws/src/action_interfaces/install/action_interfaces/include/action_interfaces/action/detail
[5.058s] -- Installing: /home/chris/turtlebot4_ws/src/action_interfaces/install/action_interfaces/include/action_interfaces/action/detail/dock__builder.hpp
[5.058s] -- Installing: /home/chris/turtlebot4_ws/src/action_interfaces/install/action_interfaces/include/action_interfaces/action/detail/dock__struct.hpp
[5.058s] -- Installing: /home/chris/turtlebot4_ws/src/action_interfaces/install/action_interfaces/include/action_interfaces/action/detail/dock__traits.hpp
[5.058s] -- Up-to-date: /home/chris/turtlebot4_ws/src/action_interfaces/install/action_interfaces/include/action_interfaces
[5.059s] -- Up-to-date: /home/chris/turtlebot4_ws/src/action_interfaces/install/action_interfaces/include/action_interfaces/action
[5.059s] -- Up-to-date: /home/chris/turtlebot4_ws/src/action_interfaces/install/action_interfaces/include/action_interfaces/action/detail
[5.059s] -- Installing: /home/chris/turtlebot4_ws/src/action_interfaces/install/action_interfaces/include/action_interfaces/action/detail/dock__rosidl_typesupport_introspection_cpp.hpp
[5.059s] -- Installing: /home/chris/turtlebot4_ws/src/action_interfaces/install/action_interfaces/include/action_interfaces/action/detail/dock__type_support.cpp
[5.059s] -- Installing: /home/chris/turtlebot4_ws/src/action_interfaces/install/action_interfaces/lib/libaction_interfaces__rosidl_typesupport_introspection_cpp.so
[5.061s] -- Set runtime path of "/home/chris/turtlebot4_ws/src/action_interfaces/install/action_interfaces/lib/libaction_interfaces__rosidl_typesupport_introspection_cpp.so" to ""
[5.067s] -- Installing: /home/chris/turtlebot4_ws/src/action_interfaces/install/action_interfaces/lib/libaction_interfaces__rosidl_typesupport_cpp.so
[5.067s] -- Set runtime path of "/home/chris/turtlebot4_ws/src/action_interfaces/install/action_interfaces/lib/libaction_interfaces__rosidl_typesupport_cpp.so" to ""
[5.067s] -- Installing: /home/chris/turtlebot4_ws/src/action_interfaces/install/action_interfaces/share/action_interfaces/environment/pythonpath.sh
[5.067s] -- Installing: /home/chris/turtlebot4_ws/src/action_interfaces/install/action_interfaces/share/action_interfaces/environment/pythonpath.dsv
[5.068s] -- Installing: /home/chris/turtlebot4_ws/src/action_interfaces/install/action_interfaces/lib/python3.8/site-packages/action_interfaces/__init__.py
[5.115s] Compiling '/home/chris/turtlebot4_ws/src/action_interfaces/install/action_interfaces/lib/python3.8/site-packages/action_interfaces/__init__.py'...
[5.125s] -- Installing: /home/chris/turtlebot4_ws/src/action_interfaces/install/action_interfaces/lib/python3.8/site-packages/action_interfaces/action
[5.125s] -- Installing: /home/chris/turtlebot4_ws/src/action_interfaces/install/action_interfaces/lib/python3.8/site-packages/action_interfaces/action/_dock.py
[5.125s] -- Installing: /home/chris/turtlebot4_ws/src/action_interfaces/install/action_interfaces/lib/python3.8/site-packages/action_interfaces/action/__init__.py
[5.125s] -- Installing: /home/chris/turtlebot4_ws/src/action_interfaces/install/action_interfaces/lib/python3.8/site-packages/action_interfaces/action/_dock_s.c
[5.125s] -- Installing: /home/chris/turtlebot4_ws/src/action_interfaces/install/action_interfaces/lib/python3.8/site-packages/action_interfaces/action_interfaces_s__rosidl_typesupport_fastrtps_c.cpython-38-x86_64-linux-gnu.so
[5.125s] -- Set runtime path of "/home/chris/turtlebot4_ws/src/action_interfaces/install/action_interfaces/lib/python3.8/site-packages/action_interfaces/action_interfaces_s__rosidl_typesupport_fastrtps_c.cpython-38-x86_64-linux-gnu.so" to ""
[5.125s] -- Installing: /home/chris/turtlebot4_ws/src/action_interfaces/install/action_interfaces/lib/python3.8/site-packages/action_interfaces/action_interfaces_s__rosidl_typesupport_introspection_c.cpython-38-x86_64-linux-gnu.so
[5.125s] -- Set runtime path of "/home/chris/turtlebot4_ws/src/action_interfaces/install/action_interfaces/lib/python3.8/site-packages/action_interfaces/action_interfaces_s__rosidl_typesupport_introspection_c.cpython-38-x86_64-linux-gnu.so" to ""
[5.125s] -- Installing: /home/chris/turtlebot4_ws/src/action_interfaces/install/action_interfaces/lib/python3.8/site-packages/action_interfaces/action_interfaces_s__rosidl_typesupport_c.cpython-38-x86_64-linux-gnu.so
[5.125s] -- Set runtime path of "/home/chris/turtlebot4_ws/src/action_interfaces/install/action_interfaces/lib/python3.8/site-packages/action_interfaces/action_interfaces_s__rosidl_typesupport_c.cpython-38-x86_64-linux-gnu.so" to ""
[5.125s] -- Installing: /home/chris/turtlebot4_ws/src/action_interfaces/install/action_interfaces/lib/libaction_interfaces__python.so
[5.125s] -- Set runtime path of "/home/chris/turtlebot4_ws/src/action_interfaces/install/action_interfaces/lib/libaction_interfaces__python.so" to ""
[5.125s] -- Installing: /home/chris/turtlebot4_ws/src/action_interfaces/install/action_interfaces/share/action_interfaces/action/Dock.idl
[5.125s] -- Installing: /home/chris/turtlebot4_ws/src/action_interfaces/install/action_interfaces/share/action_interfaces/action/Dock.action
[5.125s] -- Installing: /home/chris/turtlebot4_ws/src/action_interfaces/install/action_interfaces/share/ament_index/resource_index/package_run_dependencies/action_interfaces
[5.125s] -- Installing: /home/chris/turtlebot4_ws/src/action_interfaces/install/action_interfaces/share/ament_index/resource_index/parent_prefix_path/action_interfaces
[5.126s] -- Installing: /home/chris/turtlebot4_ws/src/action_interfaces/install/action_interfaces/share/action_interfaces/environment/ament_prefix_path.sh
[5.126s] -- Installing: /home/chris/turtlebot4_ws/src/action_interfaces/install/action_interfaces/share/action_interfaces/environment/ament_prefix_path.dsv
[5.126s] -- Installing: /home/chris/turtlebot4_ws/src/action_interfaces/install/action_interfaces/share/action_interfaces/environment/path.sh
[5.126s] -- Installing: /home/chris/turtlebot4_ws/src/action_interfaces/install/action_interfaces/share/action_interfaces/environment/path.dsv
[5.126s] -- Installing: /home/chris/turtlebot4_ws/src/action_interfaces/install/action_interfaces/share/action_interfaces/local_setup.bash
[5.126s] -- Installing: /home/chris/turtlebot4_ws/src/action_interfaces/install/action_interfaces/share/action_interfaces/local_setup.sh
[5.126s] -- Installing: /home/chris/turtlebot4_ws/src/action_interfaces/install/action_interfaces/share/action_interfaces/local_setup.zsh
[5.126s] -- Installing: /home/chris/turtlebot4_ws/src/action_interfaces/install/action_interfaces/share/action_interfaces/local_setup.dsv
[5.126s] -- Installing: /home/chris/turtlebot4_ws/src/action_interfaces/install/action_interfaces/share/action_interfaces/package.dsv
[5.126s] -- Installing: /home/chris/turtlebot4_ws/src/action_interfaces/install/action_interfaces/share/ament_index/resource_index/packages/action_interfaces
[5.126s] -- Installing: /home/chris/turtlebot4_ws/src/action_interfaces/install/action_interfaces/share/action_interfaces/cmake/action_interfaces__rosidl_generator_cExport.cmake
[5.126s] -- Installing: /home/chris/turtlebot4_ws/src/action_interfaces/install/action_interfaces/share/action_interfaces/cmake/action_interfaces__rosidl_generator_cExport-noconfig.cmake
[5.126s] -- Installing: /home/chris/turtlebot4_ws/src/action_interfaces/install/action_interfaces/share/action_interfaces/cmake/action_interfaces__rosidl_typesupport_introspection_cExport.cmake
[5.126s] -- Installing: /home/chris/turtlebot4_ws/src/action_interfaces/install/action_interfaces/share/action_interfaces/cmake/action_interfaces__rosidl_typesupport_introspection_cExport-noconfig.cmake
[5.126s] -- Installing: /home/chris/turtlebot4_ws/src/action_interfaces/install/action_interfaces/share/action_interfaces/cmake/action_interfaces__rosidl_typesupport_cExport.cmake
[5.126s] -- Installing: /home/chris/turtlebot4_ws/src/action_interfaces/install/action_interfaces/share/action_interfaces/cmake/action_interfaces__rosidl_typesupport_cExport-noconfig.cmake
[5.126s] -- Installing: /home/chris/turtlebot4_ws/src/action_interfaces/install/action_interfaces/share/action_interfaces/cmake/action_interfaces__rosidl_generator_cppExport.cmake
[5.126s] -- Installing: /home/chris/turtlebot4_ws/src/action_interfaces/install/action_interfaces/share/action_interfaces/cmake/action_interfaces__rosidl_typesupport_introspection_cppExport.cmake
[5.126s] -- Installing: /home/chris/turtlebot4_ws/src/action_interfaces/install/action_interfaces/share/action_interfaces/cmake/action_interfaces__rosidl_typesupport_introspection_cppExport-noconfig.cmake
[5.126s] -- Installing: /home/chris/turtlebot4_ws/src/action_interfaces/install/action_interfaces/share/action_interfaces/cmake/action_interfaces__rosidl_typesupport_cppExport.cmake
[5.126s] -- Installing: /home/chris/turtlebot4_ws/src/action_interfaces/install/action_interfaces/share/action_interfaces/cmake/action_interfaces__rosidl_typesupport_cppExport-noconfig.cmake
[5.127s] -- Installing: /home/chris/turtlebot4_ws/src/action_interfaces/install/action_interfaces/share/action_interfaces/cmake/rosidl_cmake-extras.cmake
[5.127s] -- Installing: /home/chris/turtlebot4_ws/src/action_interfaces/install/action_interfaces/share/action_interfaces/cmake/ament_cmake_export_dependencies-extras.cmake
[5.127s] -- Installing: /home/chris/turtlebot4_ws/src/action_interfaces/install/action_interfaces/share/action_interfaces/cmake/ament_cmake_export_libraries-extras.cmake
[5.127s] -- Installing: /home/chris/turtlebot4_ws/src/action_interfaces/install/action_interfaces/share/action_interfaces/cmake/ament_cmake_export_targets-extras.cmake
[5.127s] -- Installing: /home/chris/turtlebot4_ws/src/action_interfaces/install/action_interfaces/share/action_interfaces/cmake/ament_cmake_export_include_directories-extras.cmake
[5.127s] -- Installing: /home/chris/turtlebot4_ws/src/action_interfaces/install/action_interfaces/share/action_interfaces/cmake/rosidl_cmake_export_typesupport_libraries-extras.cmake
[5.127s] -- Installing: /home/chris/turtlebot4_ws/src/action_interfaces/install/action_interfaces/share/action_interfaces/cmake/rosidl_cmake_export_typesupport_targets-extras.cmake
[5.127s] -- Installing: /home/chris/turtlebot4_ws/src/action_interfaces/install/action_interfaces/share/action_interfaces/cmake/action_interfacesConfig.cmake
[5.127s] -- Installing: /home/chris/turtlebot4_ws/src/action_interfaces/install/action_interfaces/share/action_interfaces/cmake/action_interfacesConfig-version.cmake
[5.127s] -- Installing: /home/chris/turtlebot4_ws/src/action_interfaces/install/action_interfaces/share/action_interfaces/package.xml
[5.136s] Invoked command in '/home/chris/turtlebot4_ws/src/action_interfaces/build/action_interfaces' returned '0': CMAKE_PREFIX_PATH=${CMAKE_PREFIX_PATH}:/home/chris/turtlebot4_ws/install/turtlebot4_py_gui:/home/chris/turtlebot4_ws/install/turtlebot4_py_dock:/home/chris/turtlebot4_ws/install/turtlebot4_docking_proc:/home/chris/turtlebot4_ws/install/turtlebot4_GUI:/opt/ros/galactic /usr/bin/cmake --install /home/chris/turtlebot4_ws/src/action_interfaces/build/action_interfaces
