[0.236s] DEBUG:colcon:Command line arguments: ['/usr/bin/colcon', 'build']
[0.236s] DEBUG:colcon:Parsed command line arguments: Namespace(allow_overriding=[], ament_cmake_args=None, base_paths=['.'], build_base='build', catkin_cmake_args=None, catkin_skip_building_tests=False, cmake_args=None, cmake_clean_cache=False, cmake_clean_first=False, cmake_force_configure=False, cmake_target=None, cmake_target_skip_unavailable=False, continue_on_error=False, event_handlers=None, executor='parallel', ignore_user_meta=False, install_base='install', log_base=None, log_level=None, main=<bound method BuildVerb.main of <colcon_core.verb.build.BuildVerb object at 0x7f3fb4bda820>>, merge_install=False, metas=['./colcon.meta'], packages_above=None, packages_above_and_dependencies=None, packages_above_depth=None, packages_end=None, packages_ignore=None, packages_ignore_regex=None, packages_select=None, packages_select_build_failed=False, packages_select_by_dep=None, packages_select_regex=None, packages_select_test_failures=False, packages_skip=None, packages_skip_build_finished=False, packages_skip_by_dep=None, packages_skip_regex=None, packages_skip_test_passed=False, packages_skip_up_to=None, packages_start=None, packages_up_to=None, packages_up_to_regex=None, parallel_workers=3, paths=None, symlink_install=False, test_result_base=None, verb_extension=<colcon_core.verb.build.BuildVerb object at 0x7f3fb4bda820>, verb_name='build', verb_parser=<colcon_defaults.argument_parser.defaults.DefaultArgumentsDecorator object at 0x7f3fb4ae1490>)
[0.271s] Level 1:colcon.colcon_core.package_discovery:discover_packages(colcon_meta) check parameters
[0.272s] Level 1:colcon.colcon_core.package_discovery:discover_packages(recursive) check parameters
[0.272s] Level 1:colcon.colcon_core.package_discovery:discover_packages(ignore) check parameters
[0.272s] Level 1:colcon.colcon_core.package_discovery:discover_packages(path) check parameters
[0.272s] Level 1:colcon.colcon_core.package_discovery:discover_packages(colcon_meta) discover
[0.272s] Level 1:colcon.colcon_core.package_discovery:discover_packages(recursive) discover
[0.272s] INFO:colcon.colcon_core.package_discovery:Crawling recursively for packages in '/home/chris/turtlebot4_ws/src/action_interfaces'
[0.272s] Level 1:colcon.colcon_core.package_identification:_identify(.) by extensions ['ignore', 'ignore_ament_install']
[0.272s] Level 1:colcon.colcon_core.package_identification:_identify(.) by extension 'ignore'
[0.272s] Level 1:colcon.colcon_core.package_identification:_identify(.) by extension 'ignore_ament_install'
[0.272s] Level 1:colcon.colcon_core.package_identification:_identify(.) by extensions ['colcon_pkg']
[0.272s] Level 1:colcon.colcon_core.package_identification:_identify(.) by extension 'colcon_pkg'
[0.272s] Level 1:colcon.colcon_core.package_identification:_identify(.) by extensions ['colcon_meta']
[0.272s] Level 1:colcon.colcon_core.package_identification:_identify(.) by extension 'colcon_meta'
[0.272s] Level 1:colcon.colcon_core.package_identification:_identify(.) by extensions ['ros']
[0.272s] Level 1:colcon.colcon_core.package_identification:_identify(.) by extension 'ros'
[0.283s] DEBUG:colcon.colcon_core.package_identification:Package '.' with type 'ros.ament_cmake' and name 'action_interfaces'
[0.283s] Level 1:colcon.colcon_core.package_discovery:discover_packages(recursive) using defaults
[0.283s] Level 1:colcon.colcon_core.package_discovery:discover_packages(ignore) discover
[0.283s] Level 1:colcon.colcon_core.package_discovery:discover_packages(ignore) using defaults
[0.283s] Level 1:colcon.colcon_core.package_discovery:discover_packages(path) discover
[0.283s] Level 1:colcon.colcon_core.package_discovery:discover_packages(path) using defaults
[0.297s] Level 1:colcon.colcon_core.package_discovery:discover_packages(prefix_path) check parameters
[0.297s] Level 1:colcon.colcon_core.package_discovery:discover_packages(prefix_path) discover
[0.299s] DEBUG:colcon.colcon_installed_package_information.package_discovery:Found 7 installed packages in /home/chris/turtlebot4_ws/install
[0.300s] DEBUG:colcon.colcon_installed_package_information.package_discovery:Found 316 installed packages in /opt/ros/galactic
[0.302s] Level 1:colcon.colcon_core.package_discovery:discover_packages(prefix_path) using defaults
[0.350s] Level 5:colcon.colcon_core.verb:set package 'action_interfaces' build argument 'cmake_args' from command line to 'None'
[0.350s] Level 5:colcon.colcon_core.verb:set package 'action_interfaces' build argument 'cmake_target' from command line to 'None'
[0.350s] Level 5:colcon.colcon_core.verb:set package 'action_interfaces' build argument 'cmake_target_skip_unavailable' from command line to 'False'
[0.350s] Level 5:colcon.colcon_core.verb:set package 'action_interfaces' build argument 'cmake_clean_cache' from command line to 'False'
[0.350s] Level 5:colcon.colcon_core.verb:set package 'action_interfaces' build argument 'cmake_clean_first' from command line to 'False'
[0.350s] Level 5:colcon.colcon_core.verb:set package 'action_interfaces' build argument 'cmake_force_configure' from command line to 'False'
[0.350s] Level 5:colcon.colcon_core.verb:set package 'action_interfaces' build argument 'ament_cmake_args' from command line to 'None'
[0.350s] Level 5:colcon.colcon_core.verb:set package 'action_interfaces' build argument 'catkin_cmake_args' from command line to 'None'
[0.350s] Level 5:colcon.colcon_core.verb:set package 'action_interfaces' build argument 'catkin_skip_building_tests' from command line to 'False'
[0.350s] DEBUG:colcon.colcon_core.verb:Building package 'action_interfaces' with the following arguments: {'ament_cmake_args': None, 'build_base': '/home/chris/turtlebot4_ws/src/action_interfaces/build/action_interfaces', 'catkin_cmake_args': None, 'catkin_skip_building_tests': False, 'cmake_args': None, 'cmake_clean_cache': False, 'cmake_clean_first': False, 'cmake_force_configure': False, 'cmake_target': None, 'cmake_target_skip_unavailable': False, 'install_base': '/home/chris/turtlebot4_ws/src/action_interfaces/install/action_interfaces', 'merge_install': False, 'path': '/home/chris/turtlebot4_ws/src/action_interfaces', 'symlink_install': False, 'test_result_base': None}
[0.351s] INFO:colcon.colcon_core.executor:Executing jobs using 'parallel' executor
[0.354s] DEBUG:colcon.colcon_parallel_executor.executor.parallel:run_until_complete
[0.354s] INFO:colcon.colcon_ros.task.ament_cmake.build:Building ROS package in '/home/chris/turtlebot4_ws/src/action_interfaces' with build type 'ament_cmake'
[0.355s] INFO:colcon.colcon_cmake.task.cmake.build:Building CMake package in '/home/chris/turtlebot4_ws/src/action_interfaces'
[0.358s] INFO:colcon.colcon_core.plugin_system:Skipping extension 'colcon_core.shell.bat': Not used on non-Windows systems
[0.358s] INFO:colcon.colcon_core.shell:Skip shell extension 'powershell' for command environment: Not usable outside of PowerShell
[0.358s] DEBUG:colcon.colcon_core.shell:Skip shell extension 'dsv' for command environment
[0.369s] DEBUG:colcon.colcon_core.event_handler.log_command:Invoking command in '/home/chris/turtlebot4_ws/src/action_interfaces/build/action_interfaces': CMAKE_PREFIX_PATH=${CMAKE_PREFIX_PATH}:/home/chris/turtlebot4_ws/install/turtlebot4_py_gui:/home/chris/turtlebot4_ws/install/turtlebot4_py_dock:/home/chris/turtlebot4_ws/install/turtlebot4_docking_proc:/home/chris/turtlebot4_ws/install/turtlebot4_GUI:/opt/ros/galactic /usr/bin/cmake /home/chris/turtlebot4_ws/src/action_interfaces -DCMAKE_INSTALL_PREFIX=/home/chris/turtlebot4_ws/src/action_interfaces/install/action_interfaces
[0.748s] DEBUG:colcon.colcon_core.event_handler.log_command:Invoked command in '/home/chris/turtlebot4_ws/src/action_interfaces/build/action_interfaces' returned '1': CMAKE_PREFIX_PATH=${CMAKE_PREFIX_PATH}:/home/chris/turtlebot4_ws/install/turtlebot4_py_gui:/home/chris/turtlebot4_ws/install/turtlebot4_py_dock:/home/chris/turtlebot4_ws/install/turtlebot4_docking_proc:/home/chris/turtlebot4_ws/install/turtlebot4_GUI:/opt/ros/galactic /usr/bin/cmake /home/chris/turtlebot4_ws/src/action_interfaces -DCMAKE_INSTALL_PREFIX=/home/chris/turtlebot4_ws/src/action_interfaces/install/action_interfaces
[0.756s] Level 1:colcon.colcon_core.environment:create_environment_scripts_only(action_interfaces)
[0.760s] Level 1:colcon.colcon_core.environment:checking '/home/chris/turtlebot4_ws/src/action_interfaces/install/action_interfaces' for CMake module files
[0.760s] Level 1:colcon.colcon_core.environment:checking '/home/chris/turtlebot4_ws/src/action_interfaces/install/action_interfaces' for CMake config files
[0.761s] Level 1:colcon.colcon_core.environment:checking '/home/chris/turtlebot4_ws/src/action_interfaces/install/action_interfaces/bin'
[0.761s] Level 1:colcon.colcon_core.environment:checking '/home/chris/turtlebot4_ws/src/action_interfaces/install/action_interfaces/lib/pkgconfig/action_interfaces.pc'
[0.761s] Level 1:colcon.colcon_core.environment:checking '/home/chris/turtlebot4_ws/src/action_interfaces/install/action_interfaces/lib/python3.8/site-packages'
[0.761s] Level 1:colcon.colcon_core.environment:checking '/home/chris/turtlebot4_ws/src/action_interfaces/install/action_interfaces/bin'
[0.762s] INFO:colcon.colcon_core.shell:Creating package script '/home/chris/turtlebot4_ws/src/action_interfaces/install/action_interfaces/share/action_interfaces/package.ps1'
[0.763s] INFO:colcon.colcon_core.shell:Creating package descriptor '/home/chris/turtlebot4_ws/src/action_interfaces/install/action_interfaces/share/action_interfaces/package.dsv'
[0.763s] INFO:colcon.colcon_core.shell:Creating package script '/home/chris/turtlebot4_ws/src/action_interfaces/install/action_interfaces/share/action_interfaces/package.sh'
[0.763s] INFO:colcon.colcon_core.shell:Creating package script '/home/chris/turtlebot4_ws/src/action_interfaces/install/action_interfaces/share/action_interfaces/package.bash'
[0.764s] INFO:colcon.colcon_core.shell:Creating package script '/home/chris/turtlebot4_ws/src/action_interfaces/install/action_interfaces/share/action_interfaces/package.zsh'
[0.764s] Level 1:colcon.colcon_core.environment:create_file_with_runtime_dependencies(/home/chris/turtlebot4_ws/src/action_interfaces/install/action_interfaces/share/colcon-core/packages/action_interfaces)
[0.765s] DEBUG:colcon.colcon_parallel_executor.executor.parallel:closing loop
[0.765s] DEBUG:colcon.colcon_parallel_executor.executor.parallel:loop closed
[0.765s] DEBUG:colcon.colcon_parallel_executor.executor.parallel:run_until_complete finished with '1'
[0.765s] DEBUG:colcon.colcon_core.event_reactor:joining thread
[0.769s] INFO:colcon.colcon_core.plugin_system:Skipping extension 'colcon_notification.desktop_notification.terminal_notifier': Not used on non-Darwin systems
[0.769s] INFO:colcon.colcon_core.plugin_system:Skipping extension 'colcon_notification.desktop_notification.win32': Not used on non-Windows systems
[0.769s] INFO:colcon.colcon_notification.desktop_notification:Sending desktop notification using 'notify2'
[0.781s] DEBUG:colcon.colcon_core.event_reactor:joined thread
[0.782s] INFO:colcon.colcon_core.shell:Creating prefix script '/home/chris/turtlebot4_ws/src/action_interfaces/install/local_setup.ps1'
[0.783s] INFO:colcon.colcon_core.shell:Creating prefix util module '/home/chris/turtlebot4_ws/src/action_interfaces/install/_local_setup_util_ps1.py'
[0.789s] INFO:colcon.colcon_core.shell:Creating prefix chain script '/home/chris/turtlebot4_ws/src/action_interfaces/install/setup.ps1'
[0.790s] INFO:colcon.colcon_core.shell:Creating prefix script '/home/chris/turtlebot4_ws/src/action_interfaces/install/local_setup.sh'
[0.791s] INFO:colcon.colcon_core.shell:Creating prefix util module '/home/chris/turtlebot4_ws/src/action_interfaces/install/_local_setup_util_sh.py'
[0.791s] INFO:colcon.colcon_core.shell:Creating prefix chain script '/home/chris/turtlebot4_ws/src/action_interfaces/install/setup.sh'
[0.792s] INFO:colcon.colcon_core.shell:Creating prefix script '/home/chris/turtlebot4_ws/src/action_interfaces/install/local_setup.bash'
[0.792s] INFO:colcon.colcon_core.shell:Creating prefix chain script '/home/chris/turtlebot4_ws/src/action_interfaces/install/setup.bash'
[0.794s] INFO:colcon.colcon_core.shell:Creating prefix script '/home/chris/turtlebot4_ws/src/action_interfaces/install/local_setup.zsh'
[0.794s] INFO:colcon.colcon_core.shell:Creating prefix chain script '/home/chris/turtlebot4_ws/src/action_interfaces/install/setup.zsh'
