[0.014s] Invoking command in '/home/chris/turtlebot4_ws/src/action_interfaces/build/action_interfaces': CMAKE_PREFIX_PATH=${CMAKE_PREFIX_PATH}:/home/chris/turtlebot4_ws/install/turtlebot4_py_gui:/home/chris/turtlebot4_ws/install/turtlebot4_py_dock:/home/chris/turtlebot4_ws/install/turtlebot4_docking_proc:/home/chris/turtlebot4_ws/install/turtlebot4_GUI:/opt/ros/galactic /usr/bin/cmake /home/chris/turtlebot4_ws/src/action_interfaces -DCMAKE_INSTALL_PREFIX=/home/chris/turtlebot4_ws/src/action_interfaces/install/action_interfaces
[0.024s] -- Found ament_cmake: 1.1.6 (/opt/ros/galactic/share/ament_cmake/cmake)
[0.045s] -- Found PythonInterp: /usr/bin/python3 (found suitable version "3.8.10", minimum required is "3") 
[0.045s] -- Using PYTHON_EXECUTABLE: /usr/bin/python3
[0.089s] -- Found ament_lint_auto: 0.10.7 (/opt/ros/galactic/share/ament_lint_auto/cmake)
[0.133s] -- Found rosidl_default_generators: 1.1.1 (/opt/ros/galactic/share/rosidl_default_generators/cmake)
[0.135s] -- Using all available rosidl_typesupport_c: rosidl_typesupport_fastrtps_c;rosidl_typesupport_introspection_c
[0.138s] -- Found rosidl_adapter: 2.2.3 (/opt/ros/galactic/share/rosidl_adapter/cmake)
[0.235s] -- Using all available rosidl_typesupport_cpp: rosidl_typesupport_fastrtps_cpp;rosidl_typesupport_introspection_cpp
[0.268s] -- Found PythonInterp: /usr/bin/python3 (found version "3.8.10") 
[0.386s] CMake Error at /opt/ros/galactic/share/rosidl_adapter/cmake/rosidl_adapt_interfaces.cmake:60 (message):
[0.386s]   execute_process(/usr/bin/python3 -m rosidl_adapter --package-name
[0.386s]   action_interfaces --arguments-file
[0.386s]   /home/chris/turtlebot4_ws/src/action_interfaces/build/action_interfaces/rosidl_adapter__arguments__action_interfaces.json
[0.386s]   --output-dir
[0.386s]   /home/chris/turtlebot4_ws/src/action_interfaces/build/action_interfaces/rosidl_adapter/action_interfaces
[0.386s]   --output-file
[0.386s]   /home/chris/turtlebot4_ws/src/action_interfaces/build/action_interfaces/rosidl_adapter/action_interfaces.idls)
[0.387s]   returned error code 1:
[0.387s] 
[0.387s]   Traceback (most recent call last):
[0.387s] 
[0.387s]     File "/usr/lib/python3.8/runpy.py", line 194, in _run_module_as_main
[0.387s]       return _run_code(code, main_globals, None,
[0.387s]     File "/usr/lib/python3.8/runpy.py", line 87, in _run_code
[0.387s]       exec(code, run_globals)
[0.387s]     File "/opt/ros/galactic/lib/python3.8/site-packages/rosidl_adapter/__main__.py", line 19, in <module>
[0.387s]       sys.exit(main())
[0.387s]     File "/opt/ros/galactic/lib/python3.8/site-packages/rosidl_adapter/main.py", line 53, in main
[0.387s]       abs_idl_file = convert_to_idl(
[0.387s]     File "/opt/ros/galactic/lib/python3.8/site-packages/rosidl_adapter/__init__.py", line 29, in convert_to_idl
[0.387s]       return convert_action_to_idl(
[0.387s]     File "/opt/ros/galactic/lib/python3.8/site-packages/rosidl_adapter/action/__init__.py", line 28, in convert_action_to_idl
[0.387s]       action = parse_action_string(package_name, input_file.stem, content)
[0.387s]     File "/opt/ros/galactic/lib/python3.8/site-packages/rosidl_adapter/parser.py", line 892, in parse_action_string
[0.388s]       goal_message = parse_message_string(
[0.388s]     File "/opt/ros/galactic/lib/python3.8/site-packages/rosidl_adapter/parser.py", line 540, in parse_message_string
[0.388s]       msg = MessageSpecification(pkg_name, msg_name, fields, constants)
[0.388s]     File "/opt/ros/galactic/lib/python3.8/site-packages/rosidl_adapter/parser.py", line 387, in __init__
[0.388s]       self.base_type = BaseType(
[0.388s]     File "/opt/ros/galactic/lib/python3.8/site-packages/rosidl_adapter/parser.py", line 204, in __init__
[0.388s]       raise InvalidResourceName(
[0.388s] 
[0.388s]   rosidl_adapter.parser.InvalidResourceName: 'dock_Goal' is an invalid
[0.388s]   message name.  It should have the pattern '^[A-Z][A-Za-z0-9]*$'
[0.388s] 
[0.388s] Call Stack (most recent call first):
[0.388s]   /opt/ros/galactic/share/rosidl_cmake/cmake/rosidl_generate_interfaces.cmake:130 (rosidl_adapt_interfaces)
[0.388s]   CMakeLists.txt:26 (rosidl_generate_interfaces)
[0.388s] 
[0.388s] 
[0.388s] -- Configuring incomplete, errors occurred!
[0.388s] See also "/home/chris/turtlebot4_ws/src/action_interfaces/build/action_interfaces/CMakeFiles/CMakeOutput.log".
[0.393s] Invoked command in '/home/chris/turtlebot4_ws/src/action_interfaces/build/action_interfaces' returned '1': CMAKE_PREFIX_PATH=${CMAKE_PREFIX_PATH}:/home/chris/turtlebot4_ws/install/turtlebot4_py_gui:/home/chris/turtlebot4_ws/install/turtlebot4_py_dock:/home/chris/turtlebot4_ws/install/turtlebot4_docking_proc:/home/chris/turtlebot4_ws/install/turtlebot4_GUI:/opt/ros/galactic /usr/bin/cmake /home/chris/turtlebot4_ws/src/action_interfaces -DCMAKE_INSTALL_PREFIX=/home/chris/turtlebot4_ws/src/action_interfaces/install/action_interfaces
