[0.016s] Invoking command in '/home/chris/turtlebot4_ws/src/action_interfaces/build/action_interfaces': CMAKE_PREFIX_PATH=${CMAKE_PREFIX_PATH}:/home/chris/turtlebot4_ws/install/turtlebot4_py_gui:/home/chris/turtlebot4_ws/install/turtlebot4_py_dock:/home/chris/turtlebot4_ws/install/turtlebot4_docking_proc:/home/chris/turtlebot4_ws/install/turtlebot4_GUI:/opt/ros/galactic /usr/bin/cmake /home/chris/turtlebot4_ws/src/action_interfaces -DCMAKE_INSTALL_PREFIX=/home/chris/turtlebot4_ws/src/action_interfaces/install/action_interfaces
[0.062s] -- The C compiler identification is GNU 9.4.0
[0.096s] -- The CXX compiler identification is GNU 9.4.0
[0.099s] -- Check for working C compiler: /usr/bin/cc
[0.148s] -- Check for working C compiler: /usr/bin/cc -- works
[0.148s] -- Detecting C compiler ABI info
[0.193s] -- Detecting C compiler ABI info - done
[0.200s] -- Detecting C compile features
[0.200s] -- Detecting C compile features - done
[0.202s] -- Check for working CXX compiler: /usr/bin/c++
[0.254s] -- Check for working CXX compiler: /usr/bin/c++ -- works
[0.254s] -- Detecting CXX compiler ABI info
[0.305s] -- Detecting CXX compiler ABI info - done
[0.313s] -- Detecting CXX compile features
[0.313s] -- Detecting CXX compile features - done
[0.315s] -- Found ament_cmake: 1.1.6 (/opt/ros/galactic/share/ament_cmake/cmake)
[0.336s] -- Found PythonInterp: /usr/bin/python3 (found suitable version "3.8.10", minimum required is "3") 
[0.336s] -- Using PYTHON_EXECUTABLE: /usr/bin/python3
[0.394s] -- Found ament_lint_auto: 0.10.7 (/opt/ros/galactic/share/ament_lint_auto/cmake)
[0.448s] -- Found rosidl_default_generators: 1.1.1 (/opt/ros/galactic/share/rosidl_default_generators/cmake)
[0.450s] -- Using all available rosidl_typesupport_c: rosidl_typesupport_fastrtps_c;rosidl_typesupport_introspection_c
[0.455s] -- Found rosidl_adapter: 2.2.3 (/opt/ros/galactic/share/rosidl_adapter/cmake)
[0.521s] -- Found OpenSSL: /usr/lib/x86_64-linux-gnu/libcrypto.so (found version "1.1.1f")  
[0.542s] -- Found FastRTPS: /opt/ros/galactic/include  
[0.599s] -- Using all available rosidl_typesupport_cpp: rosidl_typesupport_fastrtps_cpp;rosidl_typesupport_introspection_cpp
[0.646s] -- Found PythonInterp: /usr/bin/python3 (found version "3.8.10") 
[0.771s] CMake Error at /opt/ros/galactic/share/rosidl_adapter/cmake/rosidl_adapt_interfaces.cmake:60 (message):
[0.771s]   execute_process(/usr/bin/python3 -m rosidl_adapter --package-name
[0.771s]   action_interfaces --arguments-file
[0.771s]   /home/chris/turtlebot4_ws/src/action_interfaces/build/action_interfaces/rosidl_adapter__arguments__action_interfaces.json
[0.772s]   --output-dir
[0.772s]   /home/chris/turtlebot4_ws/src/action_interfaces/build/action_interfaces/rosidl_adapter/action_interfaces
[0.772s]   --output-file
[0.772s]   /home/chris/turtlebot4_ws/src/action_interfaces/build/action_interfaces/rosidl_adapter/action_interfaces.idls)
[0.772s]   returned error code 1:
[0.772s] 
[0.772s]   Traceback (most recent call last):
[0.772s] 
[0.772s]     File "/usr/lib/python3.8/runpy.py", line 194, in _run_module_as_main
[0.772s]       return _run_code(code, main_globals, None,
[0.772s]     File "/usr/lib/python3.8/runpy.py", line 87, in _run_code
[0.772s]       exec(code, run_globals)
[0.772s]     File "/opt/ros/galactic/lib/python3.8/site-packages/rosidl_adapter/__main__.py", line 19, in <module>
[0.772s]       sys.exit(main())
[0.772s]     File "/opt/ros/galactic/lib/python3.8/site-packages/rosidl_adapter/main.py", line 53, in main
[0.772s]       abs_idl_file = convert_to_idl(
[0.772s]     File "/opt/ros/galactic/lib/python3.8/site-packages/rosidl_adapter/__init__.py", line 29, in convert_to_idl
[0.772s]       return convert_action_to_idl(
[0.772s]     File "/opt/ros/galactic/lib/python3.8/site-packages/rosidl_adapter/action/__init__.py", line 28, in convert_action_to_idl
[0.772s]       action = parse_action_string(package_name, input_file.stem, content)
[0.773s]     File "/opt/ros/galactic/lib/python3.8/site-packages/rosidl_adapter/parser.py", line 892, in parse_action_string
[0.773s]       goal_message = parse_message_string(
[0.773s]     File "/opt/ros/galactic/lib/python3.8/site-packages/rosidl_adapter/parser.py", line 540, in parse_message_string
[0.773s]       msg = MessageSpecification(pkg_name, msg_name, fields, constants)
[0.773s]     File "/opt/ros/galactic/lib/python3.8/site-packages/rosidl_adapter/parser.py", line 387, in __init__
[0.773s]       self.base_type = BaseType(
[0.773s]     File "/opt/ros/galactic/lib/python3.8/site-packages/rosidl_adapter/parser.py", line 204, in __init__
[0.773s]       raise InvalidResourceName(
[0.773s] 
[0.773s]   rosidl_adapter.parser.InvalidResourceName: 'dock_Goal' is an invalid
[0.773s]   message name.  It should have the pattern '^[A-Z][A-Za-z0-9]*$'
[0.773s] 
[0.773s] Call Stack (most recent call first):
[0.773s]   /opt/ros/galactic/share/rosidl_cmake/cmake/rosidl_generate_interfaces.cmake:130 (rosidl_adapt_interfaces)
[0.773s]   CMakeLists.txt:26 (rosidl_generate_interfaces)
[0.773s] 
[0.773s] 
[0.773s] -- Configuring incomplete, errors occurred!
[0.773s] See also "/home/chris/turtlebot4_ws/src/action_interfaces/build/action_interfaces/CMakeFiles/CMakeOutput.log".
[0.777s] Invoked command in '/home/chris/turtlebot4_ws/src/action_interfaces/build/action_interfaces' returned '1': CMAKE_PREFIX_PATH=${CMAKE_PREFIX_PATH}:/home/chris/turtlebot4_ws/install/turtlebot4_py_gui:/home/chris/turtlebot4_ws/install/turtlebot4_py_dock:/home/chris/turtlebot4_ws/install/turtlebot4_docking_proc:/home/chris/turtlebot4_ws/install/turtlebot4_GUI:/opt/ros/galactic /usr/bin/cmake /home/chris/turtlebot4_ws/src/action_interfaces -DCMAKE_INSTALL_PREFIX=/home/chris/turtlebot4_ws/src/action_interfaces/install/action_interfaces
